<?xml version="1.0" encoding="UTF-8"?>
<!-- Generated by org.testng.reporters.JUnitReportReporter -->
<testsuite skipped="1" hostname="Ashlins-MacBook-Pro.local" name="testcases.LoginTest" tests="1" failures="0" timestamp="2018-09-20T19:51:14 IST" time="0.009" errors="0">
  <testcase name="loginTest" time="0.009" classname="testcases.LoginTest">
    <skipped/>
  </testcase> <!-- loginTest -->
</testsuite> <!-- testcases.LoginTest -->
